<?xml version="1.0" encoding="UTF-8"?>
<testsuite xmlns:xsi="http://www.w3.org/2001/XMLSchema-instance" xsi:schemaLocation="https://maven.apache.org/surefire/maven-surefire-plugin/xsd/surefire-test-report.xsd" name="ru.shok.javacore2017.random_helper.RandomHelperTest" time="0" tests="1" errors="0" skipped="0" failures="0">
  <properties>
[...]
</properties>
  <testcase name="getRandomNumberReturnsFromIfFromIsEqualsToTo" classname="ru.shok.javacore2017.random_helper.RandomHelperTest" time="0"/>
</testsuite>